WARNING: A restricted method in java.lang.System has been called
WARNING: java.lang.System::load has been called by org.fusesource.jansi.internal.JansiLoader in an unnamed module (file:/Users/radu/.m2/wrapper/dists/apache-maven-3.9.6-bin/3311e1d4/apache-maven-3.9.6/lib/jansi-2.4.0.jar)
WARNING: Use --enable-native-access=ALL-UNNAMED to avoid a warning for callers in this module
WARNING: Restricted methods will be blocked in a future release unless native access is enabled

WARNING: A terminally deprecated method in sun.misc.Unsafe has been called
WARNING: sun.misc.Unsafe::objectFieldOffset has been called by com.google.common.util.concurrent.AbstractFuture$UnsafeAtomicHelper (file:/Users/radu/.m2/wrapper/dists/apache-maven-3.9.6-bin/3311e1d4/apache-maven-3.9.6/lib/guava-32.0.1-jre.jar)
WARNING: Please consider reporting this to the maintainers of class com.google.common.util.concurrent.AbstractFuture$UnsafeAtomicHelper
WARNING: sun.misc.Unsafe::objectFieldOffset will be removed in a future release
[INFO] Scanning for projects...
[INFO] 
[INFO] ---------------------< com.mobylab:springbackend >----------------------
[INFO] Building auth-server 0.0.1-SNAPSHOT
[INFO]   from pom.xml
[INFO] --------------------------------[ jar ]---------------------------------
[INFO] 
[INFO] >>> spring-boot:3.2.1:run (default-cli) > test-compile @ springbackend >>>
[INFO] 
[INFO] --- resources:3.3.1:resources (default-resources) @ springbackend ---
[INFO] Copying 1 resource from src/main/resources to target/classes
[INFO] Copying 1 resource from src/main/resources to target/classes
[INFO] 
[INFO] --- compiler:3.11.0:compile (default-compile) @ springbackend ---
[INFO] Nothing to compile - all classes are up to date
[INFO] 
[INFO] --- resources:3.3.1:testResources (default-testResources) @ springbackend ---
[INFO] skip non existing resourceDirectory /Users/radu/Documents/HackITAll/springbackend-main-master/src/test/resources
[INFO] 
[INFO] --- compiler:3.11.0:testCompile (default-testCompile) @ springbackend ---
[INFO] Nothing to compile - all classes are up to date
[INFO] 
[INFO] <<< spring-boot:3.2.1:run (default-cli) < test-compile @ springbackend <<<
[INFO] 
[INFO] 
[INFO] --- spring-boot:3.2.1:run (default-cli) @ springbackend ---
[INFO] Attaching agents: []

  .   ____          _            __ _ _
 /\\ / ___'_ __ _ _(_)_ __  __ _ \ \ \ \
( ( )\___ | '_ | '_| | '_ \/ _` | \ \ \ \
 \\/  ___)| |_)| | | | | || (_| |  ) ) ) )
  '  |____| .__|_| |_|_| |_\__, | / / / /
 =========|_|==============|___/=/_/_/_/
 :: Spring Boot ::                (v3.2.1)

2025-12-07T01:31:01.669+02:00  INFO 61928 --- [project] [           main] c.m.springbackend.AuthServerApplication  : Starting AuthServerApplication using Java 25.0.1 with PID 61928 (/Users/radu/Documents/HackITAll/springbackend-main-master/target/classes started by radu in /Users/radu/Documents/HackITAll/springbackend-main-master)
2025-12-07T01:31:01.670+02:00  INFO 61928 --- [project] [           main] c.m.springbackend.AuthServerApplication  : No active profile set, falling back to 1 default profile: "default"
2025-12-07T01:31:01.870+02:00  INFO 61928 --- [project] [           main] .s.d.r.c.RepositoryConfigurationDelegate : Bootstrapping Spring Data JPA repositories in DEFAULT mode.
2025-12-07T01:31:01.886+02:00  INFO 61928 --- [project] [           main] .s.d.r.c.RepositoryConfigurationDelegate : Finished Spring Data repository scanning in 13 ms. Found 4 JPA repository interfaces.
WARNING: A restricted method in java.lang.System has been called
WARNING: java.lang.System::load has been called by org.apache.tomcat.jni.Library in an unnamed module (file:/Users/radu/.m2/repository/org/apache/tomcat/embed/tomcat-embed-core/10.1.17/tomcat-embed-core-10.1.17.jar)
WARNING: Use --enable-native-access=ALL-UNNAMED to avoid a warning for callers in this module
WARNING: Restricted methods will be blocked in a future release unless native access is enabled

2025-12-07T01:31:02.049+02:00  INFO 61928 --- [project] [           main] o.s.b.w.embedded.tomcat.TomcatWebServer  : Tomcat initialized with port 8090 (http)
2025-12-07T01:31:02.052+02:00  INFO 61928 --- [project] [           main] o.apache.catalina.core.StandardService   : Starting service [Tomcat]
2025-12-07T01:31:02.052+02:00  INFO 61928 --- [project] [           main] o.apache.catalina.core.StandardEngine    : Starting Servlet engine: [Apache Tomcat/10.1.17]
2025-12-07T01:31:02.067+02:00  INFO 61928 --- [project] [           main] o.a.c.c.C.[Tomcat].[localhost].[/]       : Initializing Spring embedded WebApplicationContext
2025-12-07T01:31:02.067+02:00  INFO 61928 --- [project] [           main] w.s.c.ServletWebServerApplicationContext : Root WebApplicationContext: initialization completed in 385 ms
2025-12-07T01:31:02.095+02:00  INFO 61928 --- [project] [           main] com.zaxxer.hikari.HikariDataSource       : HikariPool-1 - Starting...
2025-12-07T01:31:02.129+02:00  INFO 61928 --- [project] [           main] com.zaxxer.hikari.pool.HikariPool        : HikariPool-1 - Added connection org.postgresql.jdbc.PgConnection@51a16adf
2025-12-07T01:31:02.130+02:00  INFO 61928 --- [project] [           main] com.zaxxer.hikari.HikariDataSource       : HikariPool-1 - Start completed.
2025-12-07T01:31:02.148+02:00  INFO 61928 --- [project] [           main] o.f.c.internal.license.VersionPrinter    : Flyway Community Edition 9.22.3 by Redgate
2025-12-07T01:31:02.148+02:00  INFO 61928 --- [project] [           main] o.f.c.internal.license.VersionPrinter    : See release notes here: https://rd.gt/416ObMi
2025-12-07T01:31:02.148+02:00  INFO 61928 --- [project] [           main] o.f.c.internal.license.VersionPrinter    : 
2025-12-07T01:31:02.152+02:00  INFO 61928 --- [project] [           main] org.flywaydb.core.FlywayExecutor         : Database: jdbc:postgresql://localhost:5432/postgres (PostgreSQL 13.2)
2025-12-07T01:31:02.178+02:00  INFO 61928 --- [project] [           main] o.f.core.internal.command.DbMigrate      : Current version of schema "public": 1
2025-12-07T01:31:02.179+02:00  INFO 61928 --- [project] [           main] o.f.core.internal.command.DbMigrate      : Schema "public" is up to date. No migration necessary.
2025-12-07T01:31:02.209+02:00  INFO 61928 --- [project] [           main] o.hibernate.jpa.internal.util.LogHelper  : HHH000204: Processing PersistenceUnitInfo [name: default]
2025-12-07T01:31:02.226+02:00  INFO 61928 --- [project] [           main] org.hibernate.Version                    : HHH000412: Hibernate ORM core version 6.4.1.Final
2025-12-07T01:31:02.234+02:00  INFO 61928 --- [project] [           main] o.h.c.internal.RegionFactoryInitiator    : HHH000026: Second-level cache disabled
2025-12-07T01:31:02.297+02:00  INFO 61928 --- [project] [           main] o.s.o.j.p.SpringPersistenceUnitInfo      : No LoadTimeWeaver setup: ignoring JPA class transformer
2025-12-07T01:31:02.314+02:00  WARN 61928 --- [project] [           main] org.hibernate.orm.deprecation            : HHH90000025: PostgreSQLDialect does not need to be specified explicitly using 'hibernate.dialect' (remove the property setting and it will be selected by default)
2025-12-07T01:31:02.554+02:00  INFO 61928 --- [project] [           main] o.h.e.t.j.p.i.JtaPlatformInitiator       : HHH000489: No JTA platform available (set 'hibernate.transaction.jta.platform' to enable JTA platform integration)
2025-12-07T01:31:02.554+02:00  INFO 61928 --- [project] [           main] j.LocalContainerEntityManagerFactoryBean : Initialized JPA EntityManagerFactory for persistence unit 'default'
2025-12-07T01:31:02.885+02:00  INFO 61928 --- [project] [           main] o.s.s.web.DefaultSecurityFilterChain     : Will secure any request with [org.springframework.security.web.session.DisableEncodeUrlFilter@23243bc0, org.springframework.security.web.context.request.async.WebAsyncManagerIntegrationFilter@770c3ca2, org.springframework.security.web.context.SecurityContextHolderFilter@3e8995cc, org.springframework.security.web.header.HeaderWriterFilter@34907a49, org.springframework.web.filter.CorsFilter@1267f832, org.springframework.security.web.authentication.logout.LogoutFilter@488c608a, com.mobylab.springbackend.config.security.JwtAuthenticationFilter@5a95aaae, org.springframework.security.web.savedrequest.RequestCacheAwareFilter@3c1ef806, org.springframework.security.web.servletapi.SecurityContextHolderAwareRequestFilter@969c2f9, org.springframework.security.web.authentication.AnonymousAuthenticationFilter@711261c7, org.springframework.security.web.session.SessionManagementFilter@6347f9cc, org.springframework.security.web.access.ExceptionTranslationFilter@78d52d4c, org.springframework.security.web.access.intercept.AuthorizationFilter@4d4337f9]
2025-12-07T01:31:02.999+02:00  INFO 61928 --- [project] [           main] o.s.b.w.embedded.tomcat.TomcatWebServer  : Tomcat started on port 8090 (http) with context path ''
2025-12-07T01:31:03.003+02:00  INFO 61928 --- [project] [           main] c.m.springbackend.AuthServerApplication  : Started AuthServerApplication in 1.436 seconds (process running for 1.526)
2025-12-07T01:31:09.279+02:00  INFO 61928 --- [project] [nio-8090-exec-1] o.a.c.c.C.[Tomcat].[localhost].[/]       : Initializing Spring DispatcherServlet 'dispatcherServlet'
2025-12-07T01:31:09.279+02:00  INFO 61928 --- [project] [nio-8090-exec-1] o.s.web.servlet.DispatcherServlet        : Initializing Servlet 'dispatcherServlet'
2025-12-07T01:31:09.281+02:00  INFO 61928 --- [project] [nio-8090-exec-1] o.s.web.servlet.DispatcherServlet        : Completed initialization in 2 ms
Email sent successfully to: admin@admin.com
Email sent successfully to: radu@a.a
respondToOffer() called with id = radu@a.a
2025-12-07T01:37:38.194+02:00  INFO 61928 --- [project] [nio-8090-exec-6] c.m.s.controller.AuthController          : Request to login for user radu@a.a
2025-12-07T01:37:38.348+02:00  INFO 61928 --- [project] [nio-8090-exec-6] c.m.s.controller.AuthController          : Successfully logged in user radu@a.a
respondToOffer() called with id = radu@a.a
2025-12-07T01:39:36.373+02:00  INFO 61928 --- [project] [nio-8090-exec-2] c.m.s.controller.AuthController          : Request to login for user radu@a.a
2025-12-07T01:39:36.480+02:00  INFO 61928 --- [project] [nio-8090-exec-2] c.m.s.controller.AuthController          : Successfully logged in user radu@a.a
respondToOffer() called with id = cvsd
2025-12-07T01:41:58.908+02:00  INFO 61928 --- [project] [nio-8090-exec-7] c.m.s.controller.AuthController          : Request to login for user cvsd
respondToOffer() called with id = radu@a.a
2025-12-07T01:42:07.458+02:00  INFO 61928 --- [project] [nio-8090-exec-8] c.m.s.controller.AuthController          : Request to login for user radu@a.a
2025-12-07T01:42:07.562+02:00  INFO 61928 --- [project] [nio-8090-exec-8] c.m.s.controller.AuthController          : Successfully logged in user radu@a.a
Email sent successfully to: radu@a.a
respondToOffer() called with id = radu@a.a
2025-12-07T01:47:51.968+02:00  INFO 61928 --- [project] [nio-8090-exec-8] c.m.s.controller.AuthController          : Request to login for user radu@a.a
2025-12-07T01:47:52.071+02:00  INFO 61928 --- [project] [nio-8090-exec-8] c.m.s.controller.AuthController          : Successfully logged in user radu@a.a
Email sent successfully to: radu@a.a
Email sent successfully to: radu@a.a
2025-12-07T01:55:57.646+02:00  INFO 61928 --- [project] [ionShutdownHook] j.LocalContainerEntityManagerFactoryBean : Closing JPA EntityManagerFactory for persistence unit 'default'
2025-12-07T01:55:57.650+02:00  INFO 61928 --- [project] [ionShutdownHook] com.zaxxer.hikari.HikariDataSource       : HikariPool-1 - Shutdown initiated...
2025-12-07T01:55:57.652+02:00  INFO 61928 --- [project] [ionShutdownHook] com.zaxxer.hikari.HikariDataSource       : HikariPool-1 - Shutdown completed.
[INFO] ------------------------------------------------------------------------
[INFO] BUILD FAILURE
[INFO] ------------------------------------------------------------------------
[INFO] Total time:  24:56 min
[INFO] Finished at: 2025-12-07T01:55:57+02:00
[INFO] ------------------------------------------------------------------------
[ERROR] Failed to execute goal org.springframework.boot:spring-boot-maven-plugin:3.2.1:run (default-cli) on project springbackend: Process terminated with exit code: 143 -> [Help 1]
[ERROR] 
[ERROR] To see the full stack trace of the errors, re-run Maven with the -e switch.
[ERROR] Re-run Maven using the -X switch to enable full debug logging.
[ERROR] 
[ERROR] For more information about the errors and possible solutions, please read the following articles:
[ERROR] [Help 1] http://cwiki.apache.org/confluence/display/MAVEN/MojoExecutionException
